Name                                     Stmts   Miss   Cover   Missing
-----------------------------------------------------------------------
01/predict_message_mood.py                  19      0 100.00%
01/predict_message_mood_test.py             40      0 100.00%
01/reading_filtering_generator.py           18      3  83.33%   29-31
01/reading_filtering_generator_test.py      78      0 100.00%
-----------------------------------------------------------------------
TOTAL                                      155      3  98.06%