Name                                     Stmts   Miss   Cover   Missing
-----------------------------------------------------------------------
01/predict_message_mood.py                  19      0 100.00%
01/predict_message_mood_test.py             32      0 100.00%
01/reading_filtering_generator.py           18      3  83.33%   29-31
01/reading_filtering_generator_test.py      71      0 100.00%
-----------------------------------------------------------------------
TOTAL                                      140      3  97.86%